<?xml version="1.0" encoding="UTF-8"?>
<!-- Generated by org.testng.reporters.JUnitReportReporter -->
<testsuite skipped="0" hostname="DESKTOP-IO94VLH" name="com.qa.singletondesignpattern.testhomepage.TC001_TwitterTextsValidation" tests="1" failures="0" timestamp="10 Dec 2018 00:02:44 GMT" time="5.014" errors="0">
  <testcase name="tc001_TwitterTextsValidation" time="5.014" classname="com.qa.singletondesignpattern.testhomepage.TC001_TwitterTextsValidation"/>
</testsuite> <!-- com.qa.singletondesignpattern.testhomepage.TC001_TwitterTextsValidation -->
